1
0
1
0
3
2
1
0
9
1
4
0
0
3
4
3
1
3
7
10
1
1
3
1
8
6
1
11
4
2
2
3
2
2
4
6
8
13
4
40
9
7
11
6
9
10
30
8
9
7
10
7
9
7
11
9
8
15
59
8
8
11
15
7
7
66
37
7
10
14
38
8
18
40
13
15
15
8
10
7
13
31
13
7
11
10
87
88
22
7
9
33
20
9
13
8
41
26
10
14
56
9
17
28
19
18
37
55
12
13
16
26
13
18
10
10
117
47
12
17
121
17
69
44
125
11
12
19
15
12
13
20
11
14
11
15
12
16
11
10
20
37
17
14
24
12
15
12
14
31
47
10
44
17
15
19
26
15
10
46
14
28
17
19
17
32
58
18
14
29
171
23
17
16
35
27
177
69
27
67
50
15
183
184
16
70
21
17
189
26
19
16
22
30
75
21
16
21
28
39
22
13
110
24
14
18
14
22
45
210
16
212
29
16
15
29
27
218
219
25
221
22
63
118
29
36
36
21
30
25
43
18
16
31
28
30
29
17
49
88
17
22
27
54
19
18
17
76
22
25
43
48
92
33
70
30
23
58
259
20
80
20
44
34
265
31
49
20
23
22
56
18
47
25
20
22
98
18
83
18
58
282
106
33
285
81
153
82
32
86
28
50
21
28
26
26
23
298
18
34
301
159
33
19
45
27
24
20
63
67
146
156
83
74
20
30
32
27
22
51
27
20
41
163
21
45
68
21
163
330
40
58
21
114
35
336
27
29
174
32
32
99
24
125
37
59
71
24
45
28
65
352
55
354
35
79
32
123
359
21
100
71
66
34
92
51
56
132
27
24
53
24
23
83
126
376
26
33
127
49
106
382
25
34
25
39
29
388
76
31
82
131
42
86
147
396
84
34
196
31
89
41
403
62
27
45
73
37
33
145
44
28
45
61
26
43
33
206
38
71
36
36
67
424
27
216
96
36
53
42
149
115
77
55
57
237
67
28
67
100
36
50
152
153
74
33
88
43
32
151
103
164
66
222
50
57
41
47
459
38
75
75
55
47
53
48
40
74
65
237
71
81
78
40
61
42
167
49
44
38
481
482
68
162
97
253
133
60
489
34
30
65
34
165
48
496
66
185
35
49
173
35
185
90
71
64
36
115
69
34
252
39
30
93
31
78
58
40
179
116
58
30
30
114
523
83
121
48
148
91
42
174
39
38
45
60
196
42
117
144
48
266
71
284
61
35
109
55
61
114
34
57
41
149
44
68
58
38
82
61
39
39
276
51
108
104
78
185
44
43
65
99
43
57
151
40
59
200
48
49
122
82
51
40
48
147
52
78
587
40
45
41
110
154
110
102
169
40
36
598
93
43
90
58
43
62
48
40
166
79
325
89
42
66
46
59
37
64
51
77
213
78
169
62
37
225
80
66
231
176
44
310
50
59
65
338
236
39
89
144
76
44
107
80
343
173
141
40
87
44
117
44
50
60
92
40
57
656
657
91
339
109
143
86
71
41
150
233
88
82
75
179
99
337
86
57
48
676
228
79
73
77
52
682
53
69
66
48
60
48
61
43
81
75
236
367
367
43
60
121
119
109
58
50
67
97
105
76
79
87
66
124
71
191
70
51
60
44
52
374
70
50
60
49
375
48
242
61
83
56
197
65
44
64
48
113
46
120
45
83
103
70
93
44
99
378
102
390
141
85
158
71
73
80
52
205
148
67
46
161
759
72
104
75
763
764
118
69
78
49
167
50
168
70
773
397
93
72
132
54
103
55
55
782
48
78
785
60
139
412
98
60
120
260
88
61
403
117
797
75
71
800
61
409
220
166
63
142
77
55
51
416
103
73
48
80
89
76
182
53
117
49
88
52
218
67
219
124
212
141
297
425
111
65
85
69
56
110
174
49
839
68
52
64
146
91
85
61
63
304
219
438
57
49
66
106
433
65
60
72
49
109
124
133
110
78
57
438
113
113
73
50
70
52
64
52
159
116
237
158
52
77
77
76
57
54
314
87
228
86
288
311
299
107
82
894
242
74
307
294
309
237
901
64
114
69
53
83
450
81
83
75
53
93
913
93
237
58
53
306
203
161
474
55
63
96
72
162
53
83
929
63
160
932
77
72
162
480
60
58
59
77
101
473
57
318
141
60
92
81
949
60
174
67
57
115
57
321
68
96
175
82
97
205
190
88
78
129
94
81
147
96
193
75
80
94
120
69
336
146
62
70
88
169
57
508
149
323
66
69
255
492
133
72
94
994
480
57
170
209
156
75
337
57
215
64
83
127
191
208
58
131
108
116
514
132
106
80
61
164
513
58
84
140
92
144
116
85
64
89
336
127
79
273
205
100
1033
111
1035
1036
126
208
87
1040
153
1042
58
118
350
1046
334
96
265
69
207
117
62
65
70
121
74
100
65
538
182
137
62
59
107
275
60
133
68
69
116
80
1073
75
85
67
62
121
71
283
74
83
150
122
278
157
280
177
111
129
65
94
67
1094
79
1096
75
363
69
230
83
70
86
215
66
374
96
117
560
266
117
80
137
150
360
137
75
224
81
387
127
137
64
388
377
105
384
82
114
122
291
143
182
179
64
66
130
72
98
113
75
218
1143
93
86
64
225
98
101
75
191
81
76
88
78
395
178
80
147
120
107
374
571
286
151
116
282
97
170
237
150
106
185
66
89
73
89
98
92
99
378
189
300
137
76
200
605
199
379
112
143
580
107
105
83
91
84
208
72
109
101
263
79
116
90
107
202
107
130
402
71
175
129
147
253
102
596
606
78
395
87
87
139
210
240
132
410
88
76
631
107
84
85
156
206
93
312
322
149
427
207
299
71
86
606
138
161
617
1249
71
74
108
264
266
71
159
83
122
80
203
184
106
320
245
196
100
247
148
81
75
253
1272
149
418
154
101
219
431
179
82
77
327
132
76
429
180
78
107
159
239
72
340
174
92
325
72
87
415
325
1300
83
101
340
120
183
151
230
73
443
251
135
343
1313
449
94
211
154
642
143
127
128
105
85
78
139
154
75
108
132
116
121
205
198
163
224
333
93
341
350
204
448
329
108
337
234
101
75
359
1349
231
171
85
91
94
89
96
157
274
441
121
111
104
80
112
112
76
76
348
436
232
79
279
80
176
706
76
149
273
173
349
223
227
98
684
87
158
472
343
112
78
202
117
202
274
91
228
1397
79
341
99
185
233
271
150
154
1406
695
137
106
698
204
117
468
720
284
196
79
168
92
89
135
694
90
246
245
364
150
138
79
713
465
93
79
132
107
482
102
246
93
106
475
239
350
83
177
90
127
1448
149
249
1451
1452
123
84
239
94
357
114
79
106
79
89
83
721
1465
482
110
93
243
109
193
284
233
105
183
200
293
1478
165
102
181
208
215
210
90
157
87
92
255
733
204
105
95
82
292
96
93
733
179
183
496
361
166
129
101
155
375
297
189
88
161
506
91
202
172
179
209
182
1517
506
208
98
1521
120
1523
213
130
250
103
127
105
116
249
85
500
186
81
86
508
498
765
250
195
82
217
82
135
97
83
258
136
138
115
262
263
183
219
90
98
153
317
129
264
90
131
389
526
382
226
91
170
84
84
85
318
323
98
102
104
518
93
138
530
390
247
229
175
97
187
105
136
92
109
139
797
147
248
388
1597
90
177
135
543
1602
532
118
97
414
110
116
382
104
104
89
109
112
794
803
101
130
128
1620
93
147
1623
90
1625
108
105
103
1629
91
241
276
410
104
93
93
385
218
241
203
566
192
178
538
154
97
155
94
97
103
316
95
285
287
176
807
279
316
104
213
818
143
113
160
329
130
131
120
168
138
96
182
96
1674
548
96
410
1678
152
145
118
96
563
102
215
410
165
171
182
186
430
1692
120
865
126
154
137
1698
124
125
139
138
103
358
288
844
239
288
97
1710
100
191
146
341
345
303
210
174
296
149
422
97
127
174
242
106
440
1728
340
350
168
155
848
332
112
575
301
866
232
129
346
170
97
97
335
862
97
116
178
864
157
120
350
116
130
588
113
129
218
290
131
416
592
186
1765
437
188
98
154
99
337
99
439
215
344
145
351
116
175
435
875
1782
907
885
301
1786
306
189
125
595
120
121
107
115
429
449
137
1798
153
102
115
300
103
120
310
161
154
103
191
611
606
260
230
162
906
364
103
182
128
132
608
366
122
304
141
133
132
1828
109
118
474
181
461
356
196
119
588
117
186
163
152
615
296
319
137
915
114
452
149
203
261
232
190
143
162
104
141
614
172
167
111
128
455
231
120
126
178
127
180
105
908
926
215
121
189
105
187
152
131
150
142
268
122
110
223
106
164
106
267
240
237
1892
166
125
211
106
125
229
229
606
932
115
306
1904
151
127
152
187
138
131
236
618
317
309
112
132
304
379
202
1920
164
275
383
638
471
208
957
217
120
203
139
384
151
328
108
384
138
321
476
621
161
233
197
225
651
126
164
138
208
496
657
243
147
158
985
652
635
136
131
142
328
215
278
203
129
196
114
1968
140
379
115
225
192
494
492
669
489
133
183
122
113
149
142
990
488
282
643
126
199
402
996
325
685
136
161
173
395
328
142
1006
202
223
291
149
277
139
688
2006
242
325
174
323
387
1003
390
511
116
305
665
420
2019
1023
197
664
151
223
396
331
2027
130
122
142
150
985
225
1026
126
2036
409
141
209
174
123
137
222
130
225
2046
710
139
127
216
326
176
525
252
287
163
136
129
1009
263
413
1001
1053
209
690
136
350
2068
263
512
170
128
146
149
166
350
136
256
193
130
1044
155
1067
146
172
190
2087
526
188
196
2091
2092
185
173
126
688
123
234
138
275
531
293
132
167
124
242
522
2108
693
714
173
214
2113
428
1060
362
142
167
126
134
311
686
132
176
126
272
699
179
161
192
2131
131
188
2134
361
306
147
1077
170
1069
212
442
139
260
227
274
208
368
272
2150
371
210
274
146
138
437
2157
2158
2159
160
144
180
309
2164
2165
132
713
367
741
186
1095
370
363
160
130
201
712
135
150
241
147
164
2183
1103
153
568
251
147
130
184
147
371
367
130
254
310
237
1081
2199
130
713
310
314
148
1073
132
162
2208
285
132
1137
2212
132
459
132
249
547
315
780
174
149
438
157
325
132
447
282
1086
140
158
2231
219
246
377
140
373
2237
284
138
257
208
158
223
2244
149
138
144
132
329
452
316
444
161
167
225
132
370
340
2259
2260
179
2262
193
133
561
570
201
231
323
311
171
136
322
2274
234
223
203
569
578
2280
581
156
756
179
136
280
281
143
228
141
252
568
1162
142
1177
738
158
255
160
2300
1161
277
134
170
142
229
321
151
475
290
746
800
158
784
800
461
381
325
172
151
159
1167
228
134
285
158
289
255
283
154
1161
135
198
1144
161
449
340
257
185
190
1165
599
1171
757
143
199
345
1166
453
234
229
287
766
473
759
327
455
445
463
1188
334
148
162
163
135
296
170
191
762
226
135
143
1193
300
388
576
162
467
2379
769
136
175
1182
228
230
586
162
343
241
291
172
146
137
253
145
476
138
236
797
138
217
299
231
792
343
235
820
176
595
779
148
818
240
151
184
147
147
139
216
189
467
342
601
2424
801
245
291
155
139
579
215
210
593
158
152
810
341
210
795
159
584
330
148
812
609
196
598
201
397
237
344
221
404
2454
615
811
204
214
164
143
617
143
143
362
838
168
153
2468
143
297
188
161
394
351
515
202
238
2478
1210
191
221
618
244
353
307
643
154
155
820
218
181
203
624
601
283
244
211
492
264
1227
826
161
2501
145
825
309
361
418
317
1258
414
198
238
146
277
1235
274
207
842
1260
203
310
146
248
189
500
505
632
614
299
286
167
202
357
321
194
250
371
515
187
154
201
187
313
177
159
1268
156
505
253
192
2550
282
1290
2553
646
882
159
520
193
170
426
234
846
1278
278
1277
234
148
160
243
373
235
287
196
213
185
442
189
194
657
148
254
160
168
872
213
148
224
191
279
642
287
400
1296
183
1294
202
213
421
181
2600
207
177
234
276
194
849
1297
490
279
240
285
357
331
328
285
166
635
2618
359
901
216
260
150
1323
194
325
225
355
162
866
178
285
2633
654
235
1319
150
442
656
150
1313
280
372
150
212
2646
291
265
891
330
377
322
654
240
212
238
382
685
2659
666
1333
238
161
388
152
171
210
449
1332
203
875
366
897
189
1328
2676
1336
245
198
238
215
156
2683
1349
391
242
156
225
660
213
904
189
679
225
542
322
294
448
654
174
204
342
158
263
345
1344
693
174
204
535
549
277
171
1357
171
2716
1364
202
548
686
159
1366
545
159
378
272
159
1370
433
395
300
190
180
393
252
169
181
400
200
210
1367
659
196
277
222
470
690
398
162
227
162
392
225
163
2755
192
227
183
163
456
172
205
210
210
2765
674
2767
891
713
163
2771
2772
276
172
214
242
539
2778
207
175
187
309
1376
171
205
185
163
196
241
536
2791
282
458
386
175
212
212
675
901
918
349
1403
407
293
163
285
388
2808
2809
276
202
205
311
173
1403
568
449
2818
268
920
163
445
163
219
680
398
197
220
245
392
222
1397
680
680
246
306
163
335
347
350
556
280
238
401
289
175
313
276
229
185
666
268
388
953
944
532
209
163
163
306
305
224
170
311
307
177
929
354
465
164
212
190
337
252
165
963
300
345
453
174
236
236
315
1427
544
321
277
565
212
693
272
456
305
730
1420
254
928
185
165
1445
343
359
417
358
246
550
460
694
212
201
265
950
481
167
250
562
212
357
2919
364
577
289
249
401
961
180
580
279
284
170
1442
272
231
181
230
420
604
2938
301
949
316
289
2943
1462
181
184
1446
187
588
303
2951
2952
366
1501
473
373
331
201
173
210
415
224
194
244
477
331
2967
203
321
206
298
173
351
403
1002
431
231
324
2979
369
214
513
244
243
414
201
184
429
206
240
244
174
501
215
412
1507
294
2996
189
186
210
226
493
1530
336
198
201
997
245
437
176
1481
182
3012
313
252
594
334
1009
494
385
516
3021
1495
176
521
201
213
176
3028
262
3030
383
199
178
1497
321
508
3037
3038
1509
1051
245
235
310
197
744
265
199
1518
251
250
603
1537
213
614
598
184
204
189
217
3060
254
374
1037
3064
233
1061
220
282
280
237
340
3072
1027
346
606
178
3077
199
506
390
192
336
437
508
779
191
179
227
435
199
200
327
1058
442
180
438
619
620
1544
758
217
614
422
382
253
303
435
220
193
523
3111
643
3113
392
300
458
1541
195
183
452
209
800
3123
194
399
792
184
614
1080
346
3131
1610
3133
3134
212
241
794
441
448
185
3141
435
1560
211
392
213
615
280
229
1574
200
1572
444
807
279
329
321
398
782
474
533
516
352
208
3165
298
444
3168
287
456
1044
283
350
807
3175
199
787
309
275
227
1071
215
356
266
188
1043
194
269
378
229
465
268
223
641
188
809
247
255
3199
647
244
812
188
1088
188
433
3207
468
537
226
228
250
213
621
398
398
200
255
3219
301
289
1101
190
190
464
808
190
632
330
1606
213
236
1062
235
314
289
234
236
1083
402
265
645
1096
227
642
664
250
648
529
267
194
1666
194
279
812
1610
345
545
222
560
368
562
3263
650
1125
1083
235
414
469
297
452
203
454
411
308
1619
799
413
258
1620
1107
221
547
806
196
300
3287
304
830
211
369
276
306
296
543
360
372
331
252
217
241
469
250
299
329
651
253
1687
297
298
3311
312
1646
223
527
196
669
210
1674
228
1118
207
368
408
1687
296
196
368
848
377
3331
232
1661
378
366
307
543
1120
207
853
3341
550
366
329
359
232
1131
675
671
334
1693
856
3353
371
839
847
250
249
285
210
3361
196
266
275
328
583
248
493
868
289
278
566
409
306
1685
699
1128
197
276
3380
873
1123
210
209
342
867
1712
3388
700
471
360
272
197
849
3395
853
337
1122
573
713
1138
214
1108
382
1706
686
872
237
238
671
567
213
869
854
261
254
1739
1143
1741
484
1732
1158
333
1115
213
572
1120
341
859
451
223
308
199
381
217
243
265
199
1696
502
848
396
206
422
280
1155
278
3448
1140
1152
571
474
589
228
593
874
215
232
231
873
1163
216
202
356
345
202
216
863
390
291
209
3472
281
215
215
215
1735
396
266
228
374
1735
572
438
442
1169
217
335