0
0
1
1
1
3
2
3
3
5
4
5
6
5
5
7
5
7
6
6
10
9
7
8
9
8
9
8
10
8
9
10
12
11
10
10
11
12
13
14
14
14
15
15
17
15
15
15
16
16
22
19
18
21
18
20
20
21
20
25
22
21
22
26
23
26
22
27
22
22
25
24
23
25
24
26
24
27
24
28
24
27
27
25
30
28
25
30
33
28
26
29
29
32
32
29
38
33
30
32
30
32
31
31
30
34
31
32
32
37
41
35
38
39
35
33
32
34
40
40
35
33
32
36
33
39
33
39
33
34
38
36
34
34
35
43
34
41
37
39
38
48
36
37
38
37
37
40
48
41
49
42
40
50
41
47
42
47
44
47
45
55
53
47
47
54
45
51
49
55
48
51
47
47
49
47
49
58
48
59
50
56
52
51
53
57
48
63
54
48
58
52
64
51
49
49
58
61
50
50
52
63
53
54
54
50
60
60
56
50
53
58
53
54
63
52
55
55
52
57
69
52
52
58
59
58
53
60
71
58
55
55
62
55
57
60
56
62
59
63
62
69
60
64
57
67
69
60
60
68
62
73
60
64
68
72
61
61
64
68
62
72
63
74
65
65
74
67
74
75
68
81
79
70
76
77
80
81
74
75
69
76
77
77
71
76
73
88
81
77
82
89
81
78
82
85
81
93
92
77
81
82
88
92
93
78
89
78
96
82
94
88
78
87
100
95
84
91
81
86
88
82
106
93
96
90
87
89
96
98
82
101
82
90
87
94
83
93
83
88
102
90
83
92
84
103
85
102
93
97
100
95
87
93
87
95
93
98
100
98
96
101
103
91
106
94
91
92
98
111
103
97
109
92
99
92
92
97
106
99
110
99
106
96
112
92
109
98
92
92
114
99
93
110
94
117
101
107
118
95
111
100
97
105
118
101
113
107
99
107
113
102
99
108
106
106
127
113
101
101
112
102
106
127
114
116
110
103
118
116
129
115
104
115
117
123
106
107
108
127
116
139
120
135
124
110
118
114
127
117
130
118
123
124
129
143
116
112
112
113
132
138
130
129
132
123
116
116
126
124
124
118
134
118
118
118
118
126
118
132
145
120
120
120
120
138
121
129
121
142
143
126
135
145
148
130
123
136
142
130
138
131
124
153
147
153
147
155
149
126
134
141
155
127
151
145
157
144
169
139
132
139
138
138
149
144
159
141
157
148
147
163
134
164
148
143
143
135
139
135
142
143
143
136
164
167
152
144
157
163
146
171
172
156
139
139
160
154
169
142
153
142
142
142
149
180
142
142
159
181
143
143
143
147
159
143
143
143
153
175
184
148
144
144
168
145
170
145
146
157
146
162
147
147
148
181
176
159
177
172
150
160
151
161
181
186
172
176
164
184
154
183
189
181
178
187
177
166
182
190
159
178
166
166
177
181
188
156
163
180
170
173
192
169
185
169
180
187
159
195
179
170
159
177
191
186
175
160
195
161
186
162
183
174
180
200
207
201
199
164
164
172
186
170
178
190
194
202
173
173
173
183
166
166
167
200
167
168
180
168
168
180
190
199
169
201
169
200
188
197
204
186
215
187
184
181
173
213
214
173
183
185
216
213
198
195
174
193
189
185
189
190
186
188
213
190
196
210
199
186
202
218
214
193
204
192
191
179
218
209
180
200
188
192
196
203
182
222
198
216
208
226
200
194
216
214
226
187
188
192
188
209
217
213
190
190
203
223
195
201
212
232
192
221
207
216
229
192
213
208
208
219
232
194
208
194
239
217
196
219
222
212
218
211
246
198
207
207
199
227
204
213
209
227
214
223
222
212
214
201
211
228
224
202
202
241
233
204
210
217
216
231
213
239
205
229
249
253
230
206
206
221
230
235
219
246
235
207
252
232
208
231
262
217
250
209
236
210
238
260
253
225
237
218
210
211
245
226
211
224
257
225
211
227
263
237
220
258
212
260
213
246
256
251
245
243
227
245
216
269
270
217
230
218
265
243
262
260
242
268
234
242
229
220
220
259
220
220
233
228
231
237
237
235
249
239
256
232
255
270
269
237
238
271
265
238
235
241
262
241
236
257
274
225
246
250
225
226
242
235
251
239
275
243
260
244
244
256
248
276
229
244
243
240
258
245
256
233
289
255
263
234
252
246
235
246
236
252
246
286
292
272
285
284
252
239
239
239
249
251
255
289
280
266
240
288
240
240
240
270
256
272
277
273
258
256
280
244
301
245
283
265
262
246
297
247
247
248
273
261
266
305
267
267
263
270
309
252
278
275
253
271
254
254
296
284
268
310
267
267
277
259
317
259
319
314
272
309
289
314
260
261
278
294
281
276
263
326
298
289
264
318
325
323
325
265
297
265
276
265
325
283
265
306
278
301
282
265
303
265
281
266
314
294
285
266
304
266
328
329
301
317
312
289
301
270
305
309
330
286
290
328
308
320
325
333
311
299
274
274
274
337
274
274
308
295
307
296
312
289
316
298
319
332
292
314
320
322
299
322
281
342
319
294
283
340
322
325
285
302
323
323
325
306
348
305
305
344
351
344
343
287
306
308
321
288
288
301
323
353
289
302
305
289
350
289
290
308
326
292
324
309
305
330
293
312
337
315
294
350
296
297
314
335
318
354
329
298
350
341
355
332
299
335
339
301
301
339
360
341
345
351
315
302
315
302
359
363
357
363
366
343
326
364
340
323
320
307
365
343
365
330
372
376
310
327
311
328
354
346
378
330
354
328
371
329
311
329
335
374
373
312
381
353
375
313
313
384
330
377
376
351
354
380
315
387
315
377
357
332
316
316
374
360
353
341
355
339
317
317
317
353
389
391
386
340
340
387
355
318
340
318
318
333
363
392
339
320
339
386
321
390
363
347
393
347
400
382
369
361
324
349
391
382
325
400
398
371
405
348
328
366
375
390
373
352
376
344
400
329
354
349
371
392
330
330
394
396
396
331
348
367
351
333
406
368
351
404
335
375
351
362
407
406
404
356
403
337
413
386
337
401
383
353
358
377
411
360
340
380
340
408
357
341
361
383
421
409
376
343
360
344
344
409
386
384
344
366
366
369
345
363
389
412
345
420
419
413
361
346
363
346
385
348
371
349
403
402
419
426
425
350
395
418
427
436
367
420
371
417
427
371
351
392
351
397
372
351
434
402
351
373
394
373
431
427
369
430
428
351
422
370
370
372
419
398
404
390
354
393
426
355
372
431
399
383
410
430
432
430
398
427
357
379
432
430
376
385
385
357
357
357
424
382
436
402
359
402
379
437
425
361
383
437
361
434
444
401
385
409
386
390
415
445
449
442
385
366
442
389
420
443
419
441
371
455
402
372
417
394
400
428
440
373
460
445
460
392
392
419
373
373
449
373
396
373
440
374
451
447
398
467
462
377
378
378
400
379
458
402
378
422
403
380
469
431
423
452
428
400
469
382
460
460
403
434
435
383
458
435
406
408
385
471
385
385
428
475
430
475
438
386
428
409
412
472
389
477
389
389
408
390
415
391
437
414
393
439
443
485
470
469
475
394
477
447
423
441
395
396
396
396
418
424
416
448
422
426
398
421
478
398
422
423
494
493
446
442
476
400
486
485
402
446
451
458
460
489
490
451
493
403
427
484
404
405
489
460
461
428
425
458
453
462
426
406
450
502
454
406
460
427
488
455
409
489
432
469
433
463
430
409
459
464
500
436
484
468
471
411
509
412
460
434
459
457
434
478
436
460
463
439
461
498
440
504
436
505
415
416
439
501
508
442
442
471
441
444
505
466
469
419
419
420
514
511
448
422
449
446
423
423
474
423
473
424
480
473
520
449
516
448
426
516
474
426
426
426
427
520
517
428
451
476
450
527
454
493
457
454
460
524
434
522
526
468
492
435
436
436
437
471
529
439
440
440
440
472
440
463
537
539
546
442
466
539
531
470
501
443
467
443
494
444
538
467
444
478
496
472
468
445
502
536
543
480
480
447
545
447
539
448
503
499
543
553
473
510
476
450
450
478
505
476
539
516
559
488
482
510
509
479
455
507
455
455
553
455
484
556
517
523
547
481
486
550
459
459
487
555
547
528
558
568
546
485
488
545
460
564
532
528
558
554
527
528
513
517
550
519
519
559
522
488
464
465
466
519
467
561
522
527
498
521
493
467
555
524
523
524
470
470
470
501
470
578
502
471
497
574
474
499
572
529
529
476
476
553
476
569
534
477
532
477
478
478
478
564
505
532
479
581
510
536
514
509
515
549
575
510
579
578
509
585
479
570
553
479
516
542
480
586
578
481
577
481
584
481
587
482
536
509
554
554
540
587
485
485
582
594
580
485
553
485
548
486
554
589
545
546
547
489
490
520
528
557
517
554
549
592
564
596
493
522
493
493
593
597
560
530
494
559
556
553
550
495
496
568
496
496
558
607
498
498
531
525
556
572
559
599
536
500
567
533
564
500
599
501
501
501
501
501
568
613
529
539
528
568
532
605
565
505
610
573
539
615
543
611
509
510
510
538
547
619
591
543
513
544
580
584
576
514
630
594
546
574
549
622
543
576
624
587
516
590
516
517
616
518
577
518
638
556
580
578
555
520
594
629
584
522
559
621
523
580
578
552
627
523
552
629
551
553
551
524
616
585
554
650
554
632
639
640
566
527
527
557
563
528
584
528
555
555
528
596
599
605
597
641
599
529
597
557
558
588
531
631
562
569
599
564
646
533
571
533
533
564
654
648
568
592
605
596
534
569
535
606
565
565
567
537
576
621
613
602
604
574
606
571
540
606
541
576
607
541
651
672
663
543
578
618
617
606
662
658
651
668
655
620
664
574
576
614
549
656
664
551
613
620
586
583
551
579
626
552
580
583
581
585
670
631
554
554
668
595
554
624
626
675
554
667
618
554
583
673
556
630
556
623
679
630
556
667
673
629
558
558
558
629
680
592
630
631
560
560
560
597
627
562
634
626
563
665
592
604
629
643
683
674
629
598
607
682
567
568
685
631
688
690
687
570
609
680
639
571
679
688
609
572
674
680
640
656
572
606
613
605
637
682
698
642
679
642
643
712
699
693
699
575
607
576
704
607
577
681
659
579
685
695
686
615
616
622
648
623
620
612
614
699
702
696
708
718
624
655
585
662
707
587
718
588
589
589
657
713
707
659
727
696
706
656
631
623
703
661
719
714
683
595
595
701
595
596
597
703
717
598
665
688
716
712
601
683
722
635
728
632
678
719
709
603
716
603
717
678
638
604
717
686
606
606
635
638
641
607
648
649
671
608
608
640
609
639
643
735
732
641
727
611
689
682
612
737
613
745
647
680
614
644
614
614
646
748
655
648
731
742
688
691
617
732
745
693
646
617
698
650
689
734
746
656
652
745
660
619
620
653
620
620
688
620
652
620
740
620
707
621
658
727
736
622
739
622
709
653
654
695
741
716
698
743
625
656
669
768
747
626
669
626
744
656
656
656
744
708
663
626
754
660
748
692
627
657
705
749
672
739
768
759
670
702
739
710
666
755
710
661
631
702
778
744
704
633
663
633
634
711
764
724
635
635
672
752
717
635
714
635
635
767
635
673
711
762
777
763
775
637
715
683
725
711
637
769
719
669
637
714
721
676
715
714
672
718
642
732
643
681
682
644
773
682
729
713
644
759
644
729
644
731
784
765
644
677
728
726
680
645
645
718
645
732
690
645
800
729
783
646
720
683
686
676
774
677
646
693
771
684
686
785
731
772
649
650
727
680
650
794
687
680
650
650
787
686
651
652
692
653
732
785
690
733
685
701
792
655
733
792
696
748
731
796
657
734
696
783
693
660
753
753
699
709
663
697
743
788
796
807
792
667
698
702
796
755
754
667
812
668
668
747
670
670
789
712
756
671
752
672
673
709
708
805
773
812
712
820
675
757
825
676
762
774
719
767
760
725
748
679
679
679
811
680
800
716
717
722
720
802
682
809
811
725
830
821
768
820
783
685
685
685
762
829
687
826
724
687
774
731
824
823
734
727
773
690
767
690
831
829
690
740
758
734
773
771
763
729
840
737
839
828
825
736
783
727
829
778
738
728
733
694
694
694
801
695
733
790
780
729
731
698
841
733
699
749
798
791
741
745
703
796
703
735
841
845
827
705
860
851
748
706
743
744
794
851
838
805
708
848
795
748
850
849
794
710
858
864
811
711
751
864
795
751
755
712
850
712
850
797
792
854
801
751
746
714
871
756
716
800
717
799
812
883
799
720
813
720
764
875
817
762
758
721
850
822
857
807
858
859
726
862
801
726
809
761
770
822
760
764
822
772
727
871
808
874
780
881
818
881
729
805
828
868
785
883
777
773
777
878
883
732
766
778
815
735
872
828
818
780
890
894
737
789
737
851
833
780
737
778
841
738
738
896
875
738
779
738
884
876
739
782
740
882
843
838
824
885
781
833
834
741
825
892
824
741
741
742
903
844
742
742
834
742
898
825
742
890
777
890
842
884
826
842
794
782
742
783
835
891
834
790
878
744
745
797
797
781
789
894
745
791
893
901
909
781
901
884
781
793
848
790
747
791
791
788
828
802
840
850
894
832
749
804
793
834
914
844
752
752
851
799
844
842
923
906
906
793
891
896
848
754
908
806
897
847
754
840
935
917
755
810
755
894
853
756
859
904
850
798
912
855
918
860
922
801
932
861
758
899
889
802
758
859
758
912
850
758
923
801
799
758
844
907
799
851
812
813
758
861
859
922
843
849
761
762
816
929
763
847
877
765
902
820
861
873
856
769
855
812
934
937
915
859
808
925
930
770
933
770
859
919
815
858
818
772
878
811
924
945
830
821
920
875
772
932
772
807
772
867
829
774
875
915
823
917
774
809
774
930
874
865
774
930
817
775
832
775
776
776
825
822
898
954
822
925
822
779
883
826
877
945
828
883
886
832
783
883
936
892
870
829
835
830
873
844
828
786
828
881
889
898
788
825
956
895
930
892
888
937
833
789
789
890
837
891
964
903
907
791
887
836
791
883
792
950
848
831
901
900
835
941
795
844
952
935
796
796
901
796
796
796
796
845
903
797
908
974
961
799
841
799
847
892
964
800
800
800
800
959
887
959
902
905
971
984
915
802
917
803
803
962
842
985
957
853
849
981
921
806
807
850
807
912
852
865
920
857
809
913
988
990
976
927
989
812
918
986
860
963
813
987
979
851
977
869
920
997
814
854
984
922
862
816
816
911
865
928
816
816
816
986
994
925
816
974
816
981
863
856
816
864
928
1003
938
863
914
866
927
901
993
875
819
1001
924
929
989
819
935
929
822
879
822
936
978
1014
926
922
867
871
877
940
829
829
829
924
876
987
830
999
873
878
1028
831
939
922
832
872
993
895
941
833
1024
834
874
998
1010
959
1011
987
1030
884
836
877
837
952
1022
1037
896
839
1014
1007
929
883
1035
840
1033
1030
944
1000
1015
842
1001
842
1015
944
937
1039
1006
844
898
1015
844
1034
845
961
902
942
941
1010
909
1026
971
952
956
849
1010
1017
889
968
849
850
850
900
850
1019
1018
973
1012
852
1027
853
1034
908
960
854
854
905
904
912
897
855
903
855
906
1025
1027
856
1034
914
1043
857
970
955
858
898
920
1023
1026
859
859
859
860
971
986
909
915
1035
917
1029
961
906
913
863
904
1051
863
979
1046
864
1029
864
971
864
865
1035
923
974
1047
978
1048
924
979
1052
915
974
871
872
1039
872
930
987
1078
874
874
981
973
924
876
1069
925
935
877
985
878
982
1041
987
1056
995
944
1038
879
879
880
1057
985
927
1051
932
982
1078
1003
880
880
947
882
981
1045
935
883
1062
999
933
933
1020
1039
991
996
1073
885
885
1050
1048
938
952
993
1012
887
938
994
887
938
935
1061
941
995
889
889
939
889
1069
889
937
1052
1071
987
891
990
957
1008
1008
1010
943
955
947
1017
895
895
1052
946
896
1003
949
896
896
950
1075
896
1009
954
1019
946
1087
956
951
951
1072
898
898
1020
1000
959
898
898
898
898
964
898
949
1082
1007
1081
1017