1
0
1
0
5
1
0
8
0
10
11
0
0
1
15
0
17
2
19
0
0
0
0
0
0
3
27
1
4
0
0
0
3
4
0
36
0
0
0
0
1
1
3
0
0
5
47
0
1
0
0
1
53
54
0
56
0
58
6
3
0
0
0
2
7
66
0
0
69
70
1
72
5
4
5
10
6
8
0
10
81
0
83
10
85
0
1
88
89
10
12
2
0
94
5
96
15
7
10
100
0
0
10
0
105
0
7
12
109
110
0
0
1
9
0
116
117
118
0
0
12
0
13
10
125
1
1
0
13
130
0
1
133
18
13
136
0
2
15
0
0
142
0
144
145
17
147
16
0
2
12
13
0
154
12
18
16
158
15
160
161
16
16
2
16
166
167
2
2
0
171
1
19
16
16
0
20
0
0
180
0
0
183
5
3
22
187
188
22
0
191
2
0
1
1
196
0
22
0
3
201
3
203
0
0
22
207
22
5
0
0
29
2
22
1
29
1
22
1
220
22
0
1
0
5
0
0
0
229
230
24
232
3
0
0
4
22
2
0
240
0
1
243
0
22
246
20
2
2
0
3
2
26
24
29
24
35
24
259
22
261
27
263
0
0
34
24
0
0
23
28
22
273
23
26
276
0
0
279
280
3
6
31
30
285
36
0
30
289
30
29
292
34
1
4
32
26
26
299
31
301
4
1
304
305
4
31
41
3
32
5
27
42
0
0
0
0
0
31
1
1
5
34
29
41
0
2
328
2
0
3
6
5
334
32
336
337
338
32
46
341
3
1
1
345
32
34
8
0
3
1
4
353
34
32
1
34
35
31
33
0
3
363
364
3
49
3
2
369
370
35
1
38
33
38
4
0
6
0
1
38
1
383
0
7
3
50
388
38
34
1
0
393
394
6
0
0
0
0
3
401
6
36
7
0
38
3
408
38
410
37
2
413
1
55
5
0
418
38
3
421
6
0
0
425
0
427
37
429
6
431
432
1
49
41
1
437
0
0
0
441
442
1
6
2
0
4
3
449
43
451
43
453
42
455
42
457
1
54
460
461
462
47
464
5
1
467
47
1
0
471
472
2
57
475
476
477
45
0
46
61
0
1
1
2
1
63
50
489
2
1
57
493
0
5
46
47
2
0
4
7
47
501
5
503
45
48
506
6
46
3
60
9
0
2
7
51
516
56
0
519
5
0
522
0
524
2
526
527
4
3
530
0
532
533
0
55
9
49
5
2
0
0
0
0
544
60
0
547
42
67
6
2
552
1
52
0
0
4
58
2
63
561
562
0
53
565
51
0
55
6
59
58
0
1
9
0
576
0
5
1
0
63
0
0
584
585
0
6
0
6
2
591
53
7
1
0
596
597
65
599
53
7
7
6
604
0
0
4
59
62
2
611
6
52
10
9
58
617
0
63
5
58
0
11
0
625
62
0
53
0
0
631
632
6
64
0
0
5
0
0
640
0
58
2
644
645
0
647
73
649
54
0
7
64
69
655
1
6
7
0
0
1
4
60
664
65
2
0
668
73
0
6
672
73
68
0
2
0
68
1
5
0
682
6
0
685
62
62
688
0
63
9
692
6
0
70
3
59
698
0
0
701
8
68
2
3
0
707
708
8
75
70
69
8
70
715
3
9
0
0
0
64
4
65
9
725
3
76
8
729
730
0
0
0
7
735
1
0
0
76
0
75
0
0
74
9
746
5
748
59
7
2
752
10
68
755
81
0
0
65
0
0
3
0
67
69
79
1
768
769
770
8
772
0
7
79
0
777
79
779
0
0
0
783
0
13
82
0
0
77
76
68
9
8
8
0
77
0
798
9
800
77
0
0
3
87
0
2
0
0
810
83
812
83
81
815
0
1
0
83
6
2
83
823
0
825
2
8
0
87
7
831
71
71
834
0
5
1
0
0
82
82
842
9
8
0
6
84
1
1
9
0
0
76
1
0
8
12
9
77
8
1
66
10
864
90
7
1
868
869
0
871
82
1
9
0
0
90
878
879
4
1
882
82
85
11
0
9
9
889
0
891
0
893
9
895
82
83
0
8
0
11
10
82
9
82
8
907
71
9
910
911
0
0
0
1
9
1
918
88
920
5
6
8
10
91
95
97
928
99
88
7
97
0
10
99
97
0
0
939
940
1
8
0
1
9
946
947
948
949
0
0
952
0
11
100
1
9
11
0
960
961
86
96
964
965
966
81
9
969
0
971
9
973
97
0
976
5
0
106
980
106
982
96
6
985
986
0
88
0
990
991
2
2
17
995
80
997
998
99
998
100
1000
1001
99
1003
0
107
0
108
0
8
6
108
0
0
96
108
1016
81
81
0
1020
1021
5
9
5
0
0
101
8
102
101
11
12
1033
14
1035
8
1037
1038
0
93
0
105
11
0
1045
12
10
12
7
0
1
10
103
1054
108
0
111
1058
110
117
104
0
3
0
1
96
1067
9
11
12
8
113
1
10
12
6
13
96
9
107
0
0
0
14
112
0
0
108
1089
5
112
13
1093
4
0
102
14
108
1099
102
110
6
1103
0
0
96
110
7
0
5
0
7
1113
1114
1
0
111
1118
108
13
10
108
1123
108
0
1126
1
99
100
1130
1131
117
9
1134
3
12
1
6
95
2
1141
1142
0
113
119
0
7
6
101
0
0
1152
0
0
1
120
113
0
11
0
1161
1162
0
1
1165
1166
1167
1168
0
1170
1171
0
1173
104
15
13
11
1178
17
1
1181
1182
95
1184
121
6
0
1188
1189
1190
15
8
13
115
15
1
118
17
115
0
7
117
1
1204
1205
7
11
1208
6
2
1211
7
1213
13
14
6
13
0
119
1220
10
0
103
1224
118
123
111
1228
1
120
0
2
124
0
15
2
1237
14
98
1240
9
0
0
9
0
5
0
6
0
8
1251
120
1253
1254
1255
3
15
9
0
2
0
9
1263
11
1265
10
1267
0
1269
1270
1271
8
11
122
130
1276
112
1278
1279
0
1281
2
12
117
11
12
0
0
1289
114
12
1292
1293
1294
1295
11
14
1298
9
15
1301
1
6
15
132
128
1307
1308
1309
0
106
15
1313
111
1315
9
2
8
8
15
8
12
1323
0
128
127
111
1328
132
0
1331
14
0
1334
132
0
117
1
14
15
12
136
130
0
1345
134
17
138
1349
1350
1351
11
2
1354
131
1356
133
0
121
1360
0
1362
13
1364
16
10
1
17
1369
15
0
114
1373
1374
137
7
1377
0
1379
9
139
0
15
1384
1385
134
0
11
124
0
124
134
124
7
0
1396
124
0
142
0
1
1
115
17
16
137
146
12
1409
6
147
135
14
1414
1415
1416
1417
1
1419
11
1421
124
137
1424
11
0
125
142
1429
148
2
12
150
11
17
148
1
1
137
1440
1441
1442
10
137
11
1446
138
119
139
6
129
1452
1453
1454
1455
130
1457
146
7
1460
11
138
1463
10
1
0
0
17
153
1470
1471
1472
0
0
1
1
0
1478
1
142
153
1482
14
0
4
15
1487
1488
142
133
22
155
1493
18
132
154
124
148
0
1498
16
10
0
149
10
1504
1505
0
14
0
1509
14
160
0
11
1514
14
1516
1
1518
10
0
0
1522
12
13
19
1526
0
128
1529
1530
13
15
12
130
1535
10
1537
1538
12
1
157
157
1543
1544
1
0
1547
148
147
1
11
7
0
1554
0
0
0
18
149
0
1561
12
1
0
129
14
0
0
1569
1570
12
130
154
135
1575
0
1
1578
0
1580
1581
0
0
1
3
18
152
14
0
138
15
2
1593
18
1
0
0
167
137
138
1601
157
139
157
155
1
0
0
1
1
161
1612
13
1614
2
15
0
6
12
13
1621
0
0
1624
0
2
1
1628
163
165
1
1632
1
0
1635
13
11
0
8
13
17
0
0
12
1645
1646
4
1
18
1650
1
172
2
160
1655
0
1
14
0
14
0
1662
164
15
1
1666
14
19
170
147
162
10
146
170
1675
13
19
171
19
181
150
1
0
148
1
14
1687
1688
12
0
9
0
159
1694
12
160
10
13
177
2
149
165
0
2
1705
1706
7
1
1
1710
177
18
1713
151
1715
0
2
146
152
1
183
17
14
178
14
20
1727
6
151
14
1
16
1733
15
170
1
0
15
0
21
1741
170
150
1744
1
1746
1747
1
20
171
165
2
1
15
168
22
0
171
156
165
0
1762
182
14
0
156
0
1768
14
183
1771
0
183
1
2
0
170
1778
0
1780
162
1
1783
173
15
1786
1
1
1789
12
157
18
13
1794
0
1796
11
15
186
1
1801
13
1803
15
19
1
14
153
1809
0
2
0
2
17
1815
176
1817
1818
12
1
1821
197
16
1824
1825
180
1827
1828
165
1830
10
1832
14
159
178
12
0
180
1839
1840
15
0
19
1844
19
1846
1
0
16
180
1851
1852
185
18
20
1856
16
1858
172
24
1
1862
2
9
1865
162
162
179
1
157
11
200
0
200
185
0
1877
1
20
12
1881
179
18
0
185
158
13
13
0
179
20
21
167
12
1895
1
179
1898
201
179
0
24
1903
0
171
1906
1907
0
21
1910
175
0
171
24
1915
1916
171
170
13
181
1921
0
2
2
0
14
160
199
1
1930
1931
17
0
13
23
1936
21
15
0
170
1941
15
1943
15
29
170
162
0
1949
0
171
1
18
1954
3
28
1957
1958
192
1960
1961
172
1963
18
21
17
1
14
0
193
172
172
188
2
19
0
1
203
1
1
1981
0
1983
15
15
13
1987
0
17
1
194
11
1993
179
3
0
192
203
1997
17
1999
13
1
2
15
173
2005
164
2007
2008
2009
181
0
181
0
4
1
194
2017
196
0
2020
191
203
175
18
22
15
2027
16
192
2030
2031
182
166
12
0
176
28
184
2039
2040
184
178
21
2044
15
205
1
1
0
9
1
0
167
13
197
199
2057
4
1
2060
15
0
2063
190
0
0
2067
24
1
1
2071
15
175
0
2075
213
207
21
2
28
0
2082
2083
1
2085
203
199
12
0
209
14
2092
15
2094
2095
2
2097
18
2099
22
190
2
2103
198
179
23
0
2108
0
2110
0
1
19
0
2115
15
2117
177
203
2120
220
198
2123
203
19
0
2127
2
176
1
2131
1
6
2134
2135
0
200
1
203
203
217
2
3
16
204
188
2147
17
0
2150
2151
220
1
0
18
210
24
2158
2159
222
23
222
2163
20
12
2
0
18
180
16
1
0
17
180
14
0
2177
2178
2179
1
199
2182
2183
15
2185
2
2187
25
14
18
1
2192
30
24
2195
12
3
2198
19
0
189
0
2203
3
2205
2206
185
207
14
195
2211
0
2213
209
1
18
18
202
211
226
202
2
19
205
0
2
2
232
2
1
216
233
2233
188
13
183
206
239
2239
228
2241
2242
0
2244
18
184
209
2248
1
2250
10
17
2253
202
2255
2256
1
0
0
209
0
0
2263
18
0
211
0
2268
24
2270
1
2
22
210
18
1
2277
14
2279
0
2281
231
0
2284
0
2286
1
218
0
2290
23
0
1
219
24
2296
13
0
2299
24
0
212
219
15
2305
1
223
2308
235
218
23
2312
2313
1
2315
2316
21
26
218
0
24
2322
2323
26
1
246
2327
2328
2329
13
2331
217
3
4
1
2336
222
1
2
16
1
22
2343
1
220
2346
222
25
2349
220
0
3
194
245
2
2356
23
2
22
221
16
2362
191
13
2365
1
221
1
16
191
14
0
2373
2374
26
0
241
23
210
22
14
21
224
242
2385
1
244
2
230
21
2391
212
2393
1
256
2396
2397
231
23
2400
3
2402
2403
224
231
206
2407
225
234
24
216
2412
2413
2414
31
224
0
2418
0
2420
2421
0
197
22
15
2426
234
2428
1
2430
2431
18
2433
227
22
2436
17
0
238
210
2441
2442
247
2
15
228
0
1
24
31
2451
25
15
16
24
230
2457
14
2459
0
0
22
251
22
233
2466
4
15
25
15
20
0
2473
0
2475
2476
0
1
2479
23
2481
21
18
2
234
2
0
230
232
2
2491
19
22
240
24
2494
236
231
2497
201
24
2500
1
1
3
2504
1
25
2507
0
246
0
28
0
1
234
2
216
2517
1
19
235
2
2522
249
17
22
2526
249
2528
17
17
28
0
0
2534
15
0
19
0
205
236
20
251
2543
0
2545
238
2547
241
2549
2550
0
221
21
2
2555
2556
1
12
2559
2560
19
235
20
2564
0
0
2567
2568
256
245
239
2572
25
19
20
2576
271
0
16
0
245
209
3
17
2585
2586
16
274
0
233
2591
25
0
15
257
0
0
2598
3
0
0
240
23
245
21
2606
1
0
240
17
2
0
2613
212
2
22
3
1
2619
2
1
23
1
18
2
2626
2627
1
0
25
256
0
29
1
23
2636
231
2638
2639
0
252
3
2643
2644
2645
16
1
0
241
2650
24
24
24
242
24
1
3
2658
0
18
0
15
4
268
2665
24
24
238
243
245
232
24
264
25
251
1
2
16
1
245
1
27
2683
2684
23
251
257
0
4
25
15
17
18
2694
2695
233
283
3
251
0
2701
251
273
25
269
1
19
2708
1
20
2
24
2713
28
29
2
252
2718
0
2720
1
264
2723
3
287
2726
20
23
0
26
239
2732
5
17
17
2736
2737
261
20
1
261
266
25
2744
31
2746
0
2748
0
2750
254
0
22
22
23
2
2757
272
3
239
2761
1
2763
17
23
240
25
2768
1
263
33
0
2773
260
268
2776
1
2778
2779
1
15
23
0
3
276
265
2787
2788
23
267
2791
20
258
267
3
261
2797
25
26
244
20
1
27
245
2
0
2807
25
2809
234
2811
2812
2813
294
253
258
2817
24
18
0
258
28
2823
274
20
22
270
0
27
2830
284
2832
275
6
269
270
276
1
11
24
2841
2842
286
32
26
30
19
271
11
260
1
2852
2
2854
271
277
15
2858
2859
29
2861
2862
255
259
1
2866
280
0
4
261
2871
2
273
289
274
26
2877
289
2879
2
301
269
269
21
2885
242
274
2888
2
0
22
2
26
34
2895
2896
15
1
2899
23
2901
2902
31
16
262
2
262
2908
20
29
244
3
0
1
256
1
28
1
256
2920
2
294
2923
256
2925
29
37
2928
2929
2930
23
1
31
285
2935
0
257
2938
258
6
1
263
285
2944
2945
2
26
268
1
4
2951
259
24
2954
287
19
297
1
285
11
285
0
271
27
0
2966
36
25
2969
32
2971
290
2973
278
27
1
24
2978
2
2980
2981
286
2983
310
29
270
18
2988
23
16
1
27
2
0
1
1
2995
299
0
25
2999
36
3001
3002
281
0
21
3006
3
3
0
24
270
3012
2
11
286
3016
3017
3018
21
3
301
3022
3023
270
257
301
3027
0
3029
3030
4
1
1
295
29
0
18
21
3039
3040
3
272
25
29
23
303
3047
3048
3049
30
0
19
0
2
300
273
1
282
294
1
274
3062
21
23
271
0
28
3068
27
0
271
3
19
22
19
276
302
19
0
19
272
317
3
21
286
3086
278
1
301
3
276
317
302
25
3095
3096
3097
1
17
3100
280
310
34
3104
31
280
26
280
3
3110
299
24
299
22
1
264
34
1
32
18
30
2
299
278
301
282
38
23
17
26
31
287
3133
3134
23
22
283
278
28
3140
278
3142
3143
3144
278
293
2
309
2
3150
26
4
4
3154
3155
36
294
30
314
2
3161
266
17
3164
2
19
29
27
3169
3170
305
3172
1
26
21
0
305
17
26
25
3181
25
26
36
3185
2
3187
327
315
316
29
266
24
0
308
3196
26
309
19
3200
32
3202
3203
21
306
32
1
297
310
3210
289
22
310
28
19
4
3217
3218
0
37
291
32
3223
298
2
34
3227
19
3229
26
323
2
283
283
1
23
33
0
268
3240
3241
293
3243
1
290
3246
311
305
3249
1
27
303
3253
3254
290
2
3257
0
3
3
39
319
296
298
2
298
36
2
2
1
31
3272
2
19
1
33
300
3278
3279
309
341
0
318
286
1
3286
1
1
311
30
312
3292
3293
27
3295
3296
287
19
275
29
3301
3302
2
2
19
25
36
22
324
294
0
1
3313
301
3
1
22
33
2
3320
22
1
3323
3324
24
3326
1
3328
0
312
0
2
301
21
3335
2
324
3338
3339
297
3341
322
25
1
3345
314
343
1
3349
303
3351
0
0
330
26
302
3357
3358
304
4
3361
24
298
20
309
2
3367
316
1
0
27
306
3373
33
3375
3376
3
1
2
317
0
4
3383
3384
1
333
3387
3388
345
17
1
0
335
3394
3
1
331
307
337
337
285
3402
3
3
2
3406
4
0
21
29
339
3412
331
28
319
2
2
5
340
310
29
285
36
297
31
319
3427
308
285
285
3431
32
1
35
336
2
34
331
3439
3440
336
1
31
322
21
1
3447
3
31
31
0
3452
38
36
2
320
3
1
33
333
333
0
3463
322
324
0
24
3468
3469
2
27
2
0
27
1
3476
3477
310
3479
310
34
3482
3483
3484
2
290
314
21