0
0
0
0
0
0
0
1
0
0
0
0
0
0
0
0
0
0
0
0
0
0
0
0
0
0
0
0
0
0
0
0
0
0
0
0
1
1
0
0
0
1
0
0
2
0
0
0
1
0
0
0
0
0
0
0
0
1
0
0
1
0
0
0
0
0
4
0
0
0
0
0
1
0
0
0
0
0
0
0
0
0
0
0
1
1
1
0
2
0
0
0
0
0
0
2
3
3
0
1
0
0
1
0
0
0
0
0
0
0
2
3
0
0
2
0
0
0
0
0
2
1
0
0
0
0
0
0
0
0
3
0
0
0
0
0
0
0
0
0
0
4
1
0
0
0
0
3
0
0
5
3
2
1
0
0
0
2
1
0
4
0
0
1
0
0
3
0
0
0
0
5
1
0
0
1
1
4
0
0
0
0
1
1
0
0
0
0
0
0
4
2
0
5
1
0
0
0
0
6
5
0
0
0
0
1
0
5
6
0
0
1
0
0
0
0
0
0
2
0
1
3
0
1
0
1
1
0
7
0
0
0
3
2
4
0
0
0
0
0
2
0
0
7
4
0
0
1
5
0
1
4
0
0
0
1
0
3
2
4
0
0
0
1
0
0
4
0
0
2
0
1
0
0
0
0
9
0
3
0
1
0
0
1
0
0
0
0
0
5
0
0
0
0
1
0
0
0
0
0
0
0
1
8
0
8
2
0
0
0
4
2
0
1
7
0
1
6
0
0
0
1
2
0
4
0
0
6
0
5
4
1
0
1
0
1
0
8
0
0
3
0
5
3
0
3
1
0
0
0
0
0
0
0
0
1
11
2
0
0
3
0
1
0
0
0
0
0
0
0
0
7
1
4
8
4
0
0
2
0
0
2
0
0
6
8
0
7
0
3
1
4
0
0
0
1
5
3
0
0
0
3
12
4
0
2
0
0
4
1
0
0
0
0
0
0
0
0
0
0
0
2
6
0
2
7
0
0
3
0
0
0
3
0
0
0
1
0
0
5
0
0
1
0
6
0
0
0
4
2
0
2
0
0
2
0
2
0
2
7
4
4
0
0
0
1
1
2
0
0
0
0
0
10
0
1
1
2
0
4
4
2
4
0
0
11
2
0
0
0
0
2
0
0
0
0
5
0
2
2
7
5
7
0
8
0
0
8
0
5
1
0
1
0
0
15
1
10
11
0
0
6
9
0
2
1
0
12
0
0
1
0
0
2
13
0
2
0
0
0
2
0
3
4
0
1
3
0
13
2
0
0
1
0
0
1
5
0
0
3
21
0
1
0
9
0
0
8
2
0
1
2
6
0
0
0
15
0
5
0
0
1
1
1
2
0
8
1
20
0
11
0
1
1
0
0
2
0
2
7
0
19
4
0
5
8
0
0
3
15
11
1
4
4
0
12
2
0
0
0
0
3
3
14
13
10
0
4
0
12
1
10
0
13
0
14
1
1
0
0
1
0
0
10
2
0
0
4
10
0
0
0
0
13
0
0
1
0
0
1
0
0
5
0
4
0
16
7
1
6
5
1
1
0
2
1
3
0
0
13
0
10
1
0
0
0
0
6
9
1
1
7
0
1
0
0
14
12
0
5
3
0
13
1
0
1
0
0
4
0
0
0
4
0
0
1
1
0
5
1
0
4
0
12
2
0
11
5
0
10
2
8
0
1
0
6
2
2
1
0
7
13
7
0
1
0
18
6
5
0
0
14
2
11
1
0
3
0
1
3
1
2
5
1
3
6
16
10
0
0
12
6
0
1
1
0
0
0
0
0
0
0
1
0
12
1
0
13
0
0
0
2
0
0
6
1
3
0
0
0
11
2
0
0
6
2
6
6
6
0
13
6
0
3
2
0
1
7
0
7
0
0
0
0
1
9
0
0
0
2
2
0
15
10
0
0
0
16
16
0
0
15
0
1
0
0
0
0
0
1
0
16
2
0
17
4
7
14
3
0
12
21
0
25
1
1
0
1
0
1
1
3
0
0
4
4
1
0
11
11
0
0
6
6
20
0
0
0
0
3
2
0
0
1
1
0
0
0
0
2
9
4
0
0
12
2
6
0
4
3
0
2
0
6
2
1
0
0
0
0
0
0
23
15
3
0
0
0
0
0
5
0
0
9
0
5
2
0
2
6
1
0
0
0
0
23
0
18
10
0
2
14
3
22
15
0
1
22
0
6
0
0
8
14
16
9
0
2
18
1
4
3
0
0
2
1
0
1
2
0
8
2
2
3
20
4
0
0
2
19
0
0
0
21
5
0
22
18
2
0
0
0
0
0
0
0
0
2
0
0
7
0
0
20
0
0
1
0
10
8
1
3
0
1
18
4
5
11
1
0
0
2
0
0
0
6
6
4
0
0
0
29
1
0
19
0
0
0
26
4
0
9
1
0
0
0
2
2
10
21
18
1
2
0
0
5
7
14
22
13
2
6
4
5
1
0
0
0
10
7
0
0
2
0
2
8
0
4
0
10
0
1
6
4
2
10
3
20
2
10
0
0
2
0
5
2
0
0
4
0
0
16
10
1
0
1
20
0
1
0
3
6
0
16
0
0
1
1
1
0
2
7
0
0
12
1
3
15
0
0
22
4
2
0
16
9
5
13
7
23
6
0
10
5
0
8
0
0
19
21
0
5
13
0
2
7
7
10
3
0
1
15
0
0
1
11
0
18
3
5
1
19
0
5
10
3
1
22
0
23
1
0
0
22
1
0
0
0
0
13
27
0
0
0
0
10
11
25
14
0
20
0
0
10
0
0
0
2
1
0
9
0
1
7
0
0
3
3
0
3
5
19
1
2
8
0
0
0
2
3
2
10
0
28
0
22
12
1
0
0
0
1
0
2
4
0
9
1
17
7
4
0
0
3
32
19
0
0
22
6
3
0
0
3
3
0
2
29
5
29
0
10
0
0
0
14
0
4
13
27
22
6
21
6
0
0
0
19
18
0
0
0
20
0
4
3
21
12
0
13
0
7
0
0
0
0
0
3
12
30
24
1
1
1
22
5
1
0
2
4
7
3
2
22
1
0
2
0
1
8
16
9
3
4
0
0
0
2
1
6
0
9
4
9
1
28
0
0
27
38
8
2
6
0
26
0
0
0
33
1
3
1
9
11
1
0
2
0
0
11
31
0
6
0
0
0
2
25
0
0
0
0
11
22
0
0
0
0
15
19
10
1
28
12
0
0
14
0
21
6
0
12
0
0
0
1
9
0
4
18
0
13
0
0
0
0
0
0
8
9
1
1
21
22
11
5
0
0
0
25
1
14
2
0
5
0
1
0
0
0
0
0
13
19
9
0
11
0
13
1
0
0
0
0
0
0
3
0
4
0
0
4
35
0
0
0
0
9
1
14
22
0
0
0
1
4
5
2
2
0
24
20
2
0
28
20
0
1
14
0
1
3
0
30
5
2
0
8
30
3
0
21
2
0
0
1
4
0
3
12
0
0
0
0
6
2
2
0
5
0
2
0
26
0
27
1
0
0
17
4
5
23
0
0
0
0
0
0
0
9
0
1
3
0
0
2
1
1
0
0
3
0
23
2
16
27
14
7
0
7
0
11
13
0
0
0
31
25
0
31
1
1
5
0
0
9
28
1
0
4
30
3
0
26
34
0
7
0
0
8
14
18
0
21
0
6
11
1
30
37
2
0
3
0
33
0
0
23
0
8
0
5
0
4
0
6
25
0
0
5
11
4
2
28
0
0
0
5
3
1
0
3
38
0
4
15
17
0
1
28
0
0
4
2
2
0
1
1
8
2
1
0
1
0
0
31
0
1
0
0
15
1
0
0
0
0
3
1
0
2
5
18
8
8
0
36
22
14
10
0
13
6
3
0
2
14
1
3
15
9
0
27
35
0
2
1
33
4
36
13
4
2
22
1
1
2
32
0
20
3
17
0
1
0
1
2
14
3
24
0
0
1
20
0
5
4
30
32
0
33
6
1
7
12
0
15
3
0
9
37
4
0
2
17
8
38
1
0
0
0
16
0
28
1
0
25
0
18
11
1
0
0
14
0
17
0
1
6
4
30
1
20
0
2
33
0
3
2
5
0
0
0
0
0
22
0
6
38
30
0
9
23
38
0
0
3
31
2
17
7
1
30
3
0
0
6
37
0
23
14
0
1
34
12
3
14
10
0
2
0
33
2
3
3
6
0
0
0
2
39
30
6
4
0
0
39
1
0
1
1
5
0
15
5
2
5
1
14
18
0
1
3
5
2
14
0
0
7
0
0
11
40
42
31
1
33
5
12
1
1
14
19
0
14
5
7
27
0
3
37
26
5
40
0
15
2
6
0
0
4
39
0
0
0
21
1
37
1
1
3
0
1
4
0
1
0
3
12
2
0
0
1
12
0
6
0
0
3
10
38
34
1
15
12
36
2
0
1
2
0
0
1
1
1
2
0
0
29
0
11
4
0
9
9
15
0
0
0
31
2
0
24
14
2
3
14
29
2
24
12
8
33
0
1
0
45
11
0
3
0
0
5
9
0
0
38
25
39
1
0
1
7
2
0
0
0
0
7
8
7
4
0
0
9
2
15
1
1
2
1
1
37
32
20
0
0
13
0
0
38
0
8
1
15
1
39
5
4
0
16
3
7
3
18
0
42
1
7
37
18
0
0
0
9
0
0
30
6
0
12
3
16
0
40
3
2
2
1
3
0
0
0
36
22
0
1
0
0
39
1
3
1
0
0
30
0
0
32
1
4
34
0
1
1
9
5
48
0
1
15
1
0
16
1
12
36
2
1
13
2
3
2
8
6
3
12
3
12
40
29
0
11
0
33
0
0
14
0
0
6
2
0
6
16
14
6
14
3
1
0
0
0
40
0
0
15
0
0
44
14
36
0
0
45
2
1
1
43
9
3
0
32
1
1
0
0
20
26
27
8
28
19
42
1
0
17
4
0
0
0
2
0
2
0
4
41
6
4
0
41
10
7
10
19
1
0
5
0
12
16
4
0
1
0
0
10
0
0
31
0
44
15
2
1
0
37
6
3
2
1
0
1
2
8
1
4
4
44
0
35
13
0
5
40
0
0
35
35
0
2
7
0
0
43
7
0
0
39
15
5
7
4
0
13
16
0
14
0
3
0
33
5
2
39
1
2
6
1
29
15
0
36
0
8
7
28
2
0
0
9
0
0
1
3
0
33
12
0
17
13
0
19
0
16
1
1
1
5
0
22
0
1
0
0
0
0
17
0
1
0
2
39
0
0
0
7
0
36
0
9
0
2
0
4
3
23
4
7
35
0
0
0
12
17
50
0
1
0
0
40
37
0
0
13
7
0
47
18
42
0
12
0
0
13
0
0
0
23
5
5
1
3
3
17
7
1
3
0
46
0
15
0
1
21
1
41
32
14
1
3
5
6
2
19
41
1
0
0
34
2
4
0
0
43
1
0
39
0
4
3
3
4
18
43
6
44
3
10
0
1
11
6
13
14
0
3
21
5
2
2
0
0
0
0
42
1
2
1
2
34
0
49
3
0
49
0
0
19
7
8
0
0
40
14
32
0
9
47
4
3
10
19
5
4
53
4
2
3
0
45
8
16
0
38
0
15
3
41
17
12
1
1
23
2
45
7
5
52
4
1
0
36
6
0
2
1
19
16
3
5
48
21
1
3
1
2
2
5
12
45
0
0
0
0
0
1
0
0
0
16
1
37
22
5
17
0
2
14
1
0
1
45
2
0
4
1
2
0
4
5
2
48
22
4
1
52
1
1
32
20
41
0
2
0
45
2
2
1
48
3
43
43
3
40
3
15
50
0
6
46
14
48
8
22
49
1
0
46
1
0
19
0
17
39
0
2
0
13
37
1
0
0
0
40
5
13
14
7
2
3
1
0
38
0
43
6
36
4
49
0
4
0
0
7
8
18
54
13
11
0
0
45
41
8
44
0
1
2
0
0
13
6
2
2
1
2
4
6
13
15
12
16
48
6
37
8
51
0
0
15
40
18
13
51
12
0
51
0
0
0
0
0
9
5
3
47
46
23
1
0
5
1
0
1
18
15
2
0
0
2
0
18
1
20
0
13
0
14
0
0
35
0
29
2
19
8
1
23
0
0
0
0
1
0
16
10
0
0
1
17
61
22
2
6
45
26
62
0
1
0
2
4
12
0
0
11
1
11
0
1
19
0
42
6
5
0
32
51
5
4
0
2
34
0
1
46
2
17
45
46
50
1
14
4
0
17
0
3
1
0
1
7
0
22
9
26
3
0
39
28
10
0
3
1
16
15
34
37
28
23
8
3
8
15
10
1
3
0
0
58
0
44
16
46
0
0
0
0
0
0
4
39
44
0
7
12
41
0
20
0
0
6
8
7
0
0
1
46
3
1
4
0
2
51
0
7
10
19
21
8
0
0
0
0
0
22
43
1
4
0
14
1
1
2
9
0
1
15
0
0
0
54
46
20
0
1
54
42
0
0
17
0
5
56
37
0
20
30
59
20
19
22
1
52
4
53
2
2
0
0
20
4
5
0
1
5
0
28
5
56
62
66
7
1
0
5
0
0
17
3
1
25
20
20
8
1
0
1
39
0
3
65
51
0
3
0
1
0
18
49
44
0
51
2
7
1
49
40
4
6
4
53
1
0
48
47
46
2
57
0
2
0
3
0
0
1
4
10
0
3
1
0
7
8
0
57
4
23
48
0
11
0
3
52
16
4
12
1
47
0
3
1
1
0
45
4
0
0
4
19
25
3
7
6
0
4
1
58
35
3
0
19
0
2
14
2
0
47
0
17
3
62
7
0
21
59
0
7
0
54
0
0
0
0
1
6
44
0
0
23
21
0
2
1
0
0
3
0
23
20
0
5
3
6
1
2
59
26
0
1
0
56
1
57
0
13
20
16
22
0
1
5
0
23
0
0
0
17
0
8
4
0
0
2
2
0
7
48
0
0
54
2
27
0
1
56
25
11
22
54
1
2
0
6
16
0
56
2
25
0
1
2
13
11
52
0
1
1
50
8
2
1
0
48
0
0
0
44
1
1
46
3
12
2
0
21
6
2
12
1
0
62
55
23
30
0
29
5
5
56
2
8
0
7
8
50
4
3
6
1
72
0
14
0
57
0
5
0
0
50
13
0
56
1
0
4
9
16
0
3
22
0
18
0
10
3
24
18
7
49
1
0
59
0
4
17
11
2
0
4
19
10
7
1
19
58
3
21
7
4
13
7
4
1
0
3
4
8
0
18
46
9
51
0
4
0
0
0
3
2
2
30
7
3
4
31
52
3
8
23
0
1
3
70
21
0
0
0
0
0
2
17
16
13
0
21
53
48
6
22
2
24
53
0
27
27
0
0
0
21
0
13
0
27
3
2
65
64
7
0
0
3
1
0
1
8
0
22
0
0
0
27
58
0
20
10
19
0
2
0
0
74
48
0
1
0
0
6
0
68
60
1
60
4
70
0
3
0
0
7
19
1
54
2
21
69
10
21
8
0
22
3
24
31
1
14
0
13
20
7
20
0
1
1
0
24
0
0
47
9
52
0
0
23
0
0
8
7
0
66
7
21
7
18
7
16
59
8
54
13
52
0
22
4
5
59
25
0
17
0
28
74
0
1
1
24
2
0
10
0
1
32
0
5
11
4
13
70
3
0
29
6
1
47
0
60
7
6
4
47
0
4
6
0
6
23
0
0
1
69
1
3
0
3
9
2
1
28
4
54
0
7
52
7
2
57
51
2
0
28
70
56
6
45
0
0
20
2
2
0
11
0
5
2
13
0
75
57
0
1
13
71
1
8
8
0
31
20
5
2
1
0
52
0
75
11
1
2
0
0
1
1
0
12
59
9
64
8
2
0
49
37
3
1
0
66
24
1
2
31
4
63
5
1
1
9
11
0
63
4
0
23
3
0
19
18
28
10
2
0
74
3
0
17
0
62
0
51
23
0
48
4
2
16
0
0
18
0
4
70